<?xml version="1.0" encoding="UTF-8"?>
<testsuite xmlns:xsi="http://www.w3.org/2001/XMLSchema-instance" xsi:noNamespaceSchemaLocation="https://maven.apache.org/surefire/maven-surefire-plugin/xsd/surefire-test-report-3.0.xsd" version="3.0" name="unrn.model.ReTweetTest" time="0.051" tests="4" errors="0" skipped="0" failures="0">
  <properties>
[...]
</properties>
  <testcase name="constructor_lanzaExcepcionSiUsuarioEsCreador" classname="unrn.model.ReTweetTest" time="0.009"/>
  <testcase name="constructor_lanzaExcepcionSiUsuarioNulo" classname="unrn.model.ReTweetTest" time="0.014"/>
  <testcase name="constructor_creaReTweetCorrectamente" classname="unrn.model.ReTweetTest" time="0.012"/>
  <testcase name="constructor_lanzaExcepcionSiTweetOriginalNulo" classname="unrn.model.ReTweetTest" time="0.011"/>
</testsuite>