<?xml version="1.0" encoding="UTF-8"?>
<testsuite xmlns:xsi="http://www.w3.org/2001/XMLSchema-instance" xsi:noNamespaceSchemaLocation="https://maven.apache.org/surefire/maven-surefire-plugin/xsd/surefire-test-report-3.0.xsd" version="3.0" name="unrn.model.IntegrationPersistenceTest" time="8.232" tests="1" errors="0" skipped="0" failures="0">
  <properties>
[...]
</properties>
  <testcase name="integration_user_tweet_retweet_and_deletion_flow" classname="unrn.model.IntegrationPersistenceTest" time="8.22">
    <system-out><![CDATA[20:37:37.113 [main] INFO org.hibernate.Version -- HHH000412: Hibernate ORM core version 7.0.7.Final
20:37:38.886 [main] WARN org.hibernate.orm.connections.pooling -- HHH10001002: Using built-in connection pool (not intended for production use)
20:37:40.034 [main] INFO org.hibernate.orm.connections.pooling -- HHH10001005: Database info:
	Database JDBC URL [jdbc:h2:mem:itdb;DB_CLOSE_DELAY=-1]
	Database driver: org.h2.Driver
	Database version: 2.2.220
	Autocommit mode: false
	Isolation level: undefined/unknown
	Pool: DriverManagerConnectionProviderImpl
	Minimum pool size: 1
	Maximum pool size: 20
Hibernate: 
    create global temporary table HTE_ReTweet(id integer, originalTweet_id integer, rn_ integer not null, dateRetweeted timestamp(6), userRetweeted_username varchar(255), primary key (rn_)) TRANSACTIONAL
Hibernate: 
    create global temporary table HTE_Tweet(id integer, rn_ integer not null, dateCreated timestamp(6), text varchar(255), userCreator_username varchar(255), primary key (rn_)) TRANSACTIONAL
20:37:43.034 [main] INFO org.hibernate.engine.transaction.jta.platform.internal.JtaPlatformInitiator -- HHH000489: No JTA platform available (set 'hibernate.transaction.jta.platform' to enable JTA platform integration)
Hibernate: 
    drop table if exists ReTweet cascade 
20:37:43.060 [main] INFO org.hibernate.orm.connections.access -- HHH10001501: Connection obtained from JdbcConnectionAccess [org.hibernate.engine.jdbc.env.internal.JdbcEnvironmentInitiator$ConnectionProviderJdbcConnectionAccess@30517a57] for (non-JTA) DDL execution was not in auto-commit mode; the Connection 'local transaction' will be committed and the Connection will be set into auto-commit mode.
Hibernate: 
    drop table if exists Tweet cascade 
Hibernate: 
    drop table if exists USERS cascade 
Hibernate: 
    drop sequence if exists ReTweet_SEQ
Hibernate: 
    drop sequence if exists Tweet_SEQ
Hibernate: 
    create sequence ReTweet_SEQ start with 1 increment by 50
20:37:43.071 [main] INFO org.hibernate.orm.connections.access -- HHH10001501: Connection obtained from JdbcConnectionAccess [org.hibernate.engine.jdbc.env.internal.JdbcEnvironmentInitiator$ConnectionProviderJdbcConnectionAccess@60fc7f43] for (non-JTA) DDL execution was not in auto-commit mode; the Connection 'local transaction' will be committed and the Connection will be set into auto-commit mode.
Hibernate: 
    create sequence Tweet_SEQ start with 1 increment by 50
Hibernate: 
    create table ReTweet (
        id integer not null,
        originalTweet_id integer,
        dateRetweeted timestamp(6),
        userRetweeted_username varchar(255),
        primary key (id)
    )
Hibernate: 
    create table Tweet (
        id integer not null,
        dateCreated timestamp(6),
        text varchar(255),
        userCreator_username varchar(255),
        primary key (id)
    )
Hibernate: 
    create table USERS (
        email varchar(255),
        username varchar(255) not null,
        primary key (username)
    )
Hibernate: 
    alter table if exists ReTweet 
       add constraint FKa8om33cm69kn4nvjluhfgib81 
       foreign key (originalTweet_id) 
       references Tweet
Hibernate: 
    alter table if exists ReTweet 
       add constraint FKsv00ue2ikt7xarckxxy3n8ohm 
       foreign key (userRetweeted_username) 
       references USERS
Hibernate: 
    alter table if exists Tweet 
       add constraint FKct8mpu17sfgovpuo8hsv3xvk7 
       foreign key (userCreator_username) 
       references USERS
Hibernate: 
    select
        next value 
    for
        Tweet_SEQ
Hibernate: 
    select
        next value 
    for
        ReTweet_SEQ
Hibernate: 
    insert 
    into
        USERS
        (email, username) 
    values
        (?, ?)
Hibernate: 
    insert 
    into
        Tweet
        (dateCreated, text, userCreator_username, id) 
    values
        (?, ?, ?, ?)
Hibernate: 
    insert 
    into
        USERS
        (email, username) 
    values
        (?, ?)
Hibernate: 
    insert 
    into
        ReTweet
        (dateRetweeted, originalTweet_id, userRetweeted_username, id) 
    values
        (?, ?, ?, ?)
Hibernate: 
    select
        count(t1_0.id) 
    from
        Tweet t1_0
Hibernate: 
    select
        count(rt1_0.id) 
    from
        ReTweet rt1_0
Hibernate: 
    select
        u1_0.username,
        u1_0.email 
    from
        USERS u1_0 
    where
        u1_0.username=?
Hibernate: 
    select
        r1_0.userRetweeted_username,
        r1_0.id,
        r1_0.dateRetweeted,
        ot1_0.id,
        ot1_0.dateCreated,
        ot1_0.text,
        uc1_0.username,
        uc1_0.email 
    from
        ReTweet r1_0 
    left join
        Tweet ot1_0 
            on ot1_0.id=r1_0.originalTweet_id 
    left join
        USERS uc1_0 
            on uc1_0.username=ot1_0.userCreator_username 
    where
        r1_0.userRetweeted_username=?
Hibernate: 
    select
        t1_0.userCreator_username,
        t1_0.id,
        t1_0.dateCreated,
        t1_0.text 
    from
        Tweet t1_0 
    where
        t1_0.userCreator_username=?
Hibernate: 
    delete 
    from
        ReTweet 
    where
        id=?
Hibernate: 
    delete 
    from
        USERS 
    where
        username=?
Hibernate: 
    select
        count(t1_0.id) 
    from
        Tweet t1_0
Hibernate: 
    select
        count(rt1_0.id) 
    from
        ReTweet rt1_0
Hibernate: 
    select
        u1_0.username,
        u1_0.email 
    from
        USERS u1_0 
    where
        u1_0.username=?
Hibernate: 
    select
        r1_0.userRetweeted_username,
        r1_0.id,
        r1_0.dateRetweeted,
        ot1_0.id,
        ot1_0.dateCreated,
        ot1_0.text,
        uc1_0.username,
        uc1_0.email 
    from
        ReTweet r1_0 
    left join
        Tweet ot1_0 
            on ot1_0.id=r1_0.originalTweet_id 
    left join
        USERS uc1_0 
            on uc1_0.username=ot1_0.userCreator_username 
    where
        r1_0.userRetweeted_username=?
Hibernate: 
    select
        t1_0.userCreator_username,
        t1_0.id,
        t1_0.dateCreated,
        t1_0.text 
    from
        Tweet t1_0 
    where
        t1_0.userCreator_username=?
Hibernate: 
    delete 
    from
        Tweet 
    where
        id=?
Hibernate: 
    delete 
    from
        USERS 
    where
        username=?
Hibernate: 
    select
        count(t1_0.id) 
    from
        Tweet t1_0
Hibernate: 
    select
        count(rt1_0.id) 
    from
        ReTweet rt1_0
Hibernate: 
    drop table if exists ReTweet cascade 
20:37:44.741 [main] INFO org.hibernate.orm.connections.access -- HHH10001501: Connection obtained from JdbcConnectionAccess [org.hibernate.engine.jdbc.env.internal.JdbcEnvironmentInitiator$ConnectionProviderJdbcConnectionAccess@612290d] for (non-JTA) DDL execution was not in auto-commit mode; the Connection 'local transaction' will be committed and the Connection will be set into auto-commit mode.
Hibernate: 
    drop table if exists Tweet cascade 
Hibernate: 
    drop table if exists USERS cascade 
Hibernate: 
    drop sequence if exists ReTweet_SEQ
Hibernate: 
    drop sequence if exists Tweet_SEQ
]]></system-out>
  </testcase>
</testsuite>