<?xml version="1.0" encoding="UTF-8"?>
<testsuite xmlns:xsi="http://www.w3.org/2001/XMLSchema-instance" xsi:noNamespaceSchemaLocation="https://maven.apache.org/surefire/maven-surefire-plugin/xsd/surefire-test-report-3.0.xsd" version="3.0" name="unrn.model.IntegrationPersistenceTest" time="0.935" tests="1" errors="0" skipped="0" failures="0">
  <properties>
[...]
</properties>
  <testcase name="integration_user_tweet_retweet_and_deletion_flow" classname="unrn.model.IntegrationPersistenceTest" time="0.933">
    <system-out><![CDATA[2025-11-30T07:52:59.730-03:00  WARN 211377 --- [           main] org.hibernate.orm.connections.pooling    : HHH10001002: Using built-in connection pool (not intended for production use)
2025-11-30T07:52:59.960-03:00  INFO 211377 --- [           main] org.hibernate.orm.connections.pooling    : HHH10001005: Database info:
	Database JDBC URL [jdbc:h2:mem:itdb;DB_CLOSE_DELAY=-1]
	Database driver: org.h2.Driver
	Database version: 2.2.220
	Autocommit mode: false
	Isolation level: undefined/unknown
	Pool: DriverManagerConnectionProviderImpl
	Minimum pool size: 1
	Maximum pool size: 20
Hibernate: 
    create global temporary table HTE_Tweet(id integer, rn_ integer not null, DATECREATED timestamp(6), text varchar(255), user_creator_username varchar(255), primary key (rn_)) TRANSACTIONAL
2025-11-30T07:53:00.108-03:00  INFO 211377 --- [           main] o.h.e.t.j.p.i.JtaPlatformInitiator       : HHH000489: No JTA platform available (set 'hibernate.transaction.jta.platform' to enable JTA platform integration)
Hibernate: 
    drop table if exists RETWEET cascade 
2025-11-30T07:53:00.113-03:00  INFO 211377 --- [           main] org.hibernate.orm.connections.access     : HHH10001501: Connection obtained from JdbcConnectionAccess [org.hibernate.engine.jdbc.env.internal.JdbcEnvironmentInitiator$ConnectionProviderJdbcConnectionAccess@320bfc61] for (non-JTA) DDL execution was not in auto-commit mode; the Connection 'local transaction' will be committed and the Connection will be set into auto-commit mode.
Hibernate: 
    drop table if exists Tweet cascade 
Hibernate: 
    drop table if exists USERS cascade 
Hibernate: 
    drop sequence if exists RETWEET_SEQ
Hibernate: 
    drop sequence if exists Tweet_SEQ
Hibernate: 
    create sequence RETWEET_SEQ start with 1 increment by 1
2025-11-30T07:53:00.121-03:00  INFO 211377 --- [           main] org.hibernate.orm.connections.access     : HHH10001501: Connection obtained from JdbcConnectionAccess [org.hibernate.engine.jdbc.env.internal.JdbcEnvironmentInitiator$ConnectionProviderJdbcConnectionAccess@3af1b643] for (non-JTA) DDL execution was not in auto-commit mode; the Connection 'local transaction' will be committed and the Connection will be set into auto-commit mode.
Hibernate: 
    create sequence Tweet_SEQ start with 1 increment by 50
Hibernate: 
    create table RETWEET (
        id integer not null,
        original_tweet_id integer not null,
        DATE_RETWEETED timestamp(6),
        user_retweeted_username varchar(255) not null,
        primary key (id)
    )
Hibernate: 
    create table Tweet (
        id integer not null,
        DATECREATED timestamp(6),
        text varchar(255),
        user_creator_username varchar(255),
        primary key (id)
    )
Hibernate: 
    create table USERS (
        email varchar(255),
        username varchar(255) not null,
        primary key (username)
    )
Hibernate: 
    alter table if exists RETWEET 
       add constraint FKn8pjcjid5is41yskgphux958t 
       foreign key (original_tweet_id) 
       references Tweet
Hibernate: 
    alter table if exists RETWEET 
       add constraint FK7v32j53ljln38ocn3983wgmis 
       foreign key (user_retweeted_username) 
       references USERS
Hibernate: 
    alter table if exists Tweet 
       add constraint FKrdrbfsbjgy3jnqyjtw5ew9k9w 
       foreign key (user_creator_username) 
       references USERS
Hibernate: 
    select
        next value 
    for
        Tweet_SEQ
Hibernate: 
    select
        next value 
    for
        RETWEET_SEQ
Hibernate: 
    insert 
    into
        USERS
        (email, username) 
    values
        (?, ?)
Hibernate: 
    insert 
    into
        Tweet
        (DATECREATED, text, user_creator_username, id) 
    values
        (?, ?, ?, ?)
Hibernate: 
    insert 
    into
        USERS
        (email, username) 
    values
        (?, ?)
Hibernate: 
    insert 
    into
        RETWEET
        (DATE_RETWEETED, original_tweet_id, user_retweeted_username, id) 
    values
        (?, ?, ?, ?)
Hibernate: 
    select
        count(t1_0.id) 
    from
        Tweet t1_0
Hibernate: 
    select
        count(rt1_0.id) 
    from
        RETWEET rt1_0
Hibernate: 
    select
        u1_0.username,
        u1_0.email 
    from
        USERS u1_0 
    where
        u1_0.username=?
Hibernate: 
    select
        r1_0.user_retweeted_username,
        r1_0.id,
        r1_0.DATE_RETWEETED,
        r1_0.original_tweet_id,
        ot1_0.id,
        ot1_0.DATECREATED,
        ot1_0.text,
        uc1_0.username,
        uc1_0.email 
    from
        RETWEET r1_0 
    left join
        Tweet ot1_0 
            on ot1_0.id=r1_0.original_tweet_id 
    left join
        USERS uc1_0 
            on uc1_0.username=ot1_0.user_creator_username 
    where
        r1_0.user_retweeted_username=?
Hibernate: 
    select
        t1_0.user_creator_username,
        t1_0.id,
        t1_0.DATECREATED,
        t1_0.text 
    from
        Tweet t1_0 
    where
        t1_0.user_creator_username=?
Hibernate: 
    delete 
    from
        RETWEET 
    where
        id=?
Hibernate: 
    delete 
    from
        USERS 
    where
        username=?
Hibernate: 
    select
        count(t1_0.id) 
    from
        Tweet t1_0
Hibernate: 
    select
        count(rt1_0.id) 
    from
        RETWEET rt1_0
Hibernate: 
    select
        u1_0.username,
        u1_0.email 
    from
        USERS u1_0 
    where
        u1_0.username=?
Hibernate: 
    select
        r1_0.user_retweeted_username,
        r1_0.id,
        r1_0.DATE_RETWEETED,
        r1_0.original_tweet_id,
        ot1_0.id,
        ot1_0.DATECREATED,
        ot1_0.text,
        uc1_0.username,
        uc1_0.email 
    from
        RETWEET r1_0 
    left join
        Tweet ot1_0 
            on ot1_0.id=r1_0.original_tweet_id 
    left join
        USERS uc1_0 
            on uc1_0.username=ot1_0.user_creator_username 
    where
        r1_0.user_retweeted_username=?
Hibernate: 
    select
        t1_0.user_creator_username,
        t1_0.id,
        t1_0.DATECREATED,
        t1_0.text 
    from
        Tweet t1_0 
    where
        t1_0.user_creator_username=?
Hibernate: 
    delete 
    from
        Tweet 
    where
        id=?
Hibernate: 
    delete 
    from
        USERS 
    where
        username=?
Hibernate: 
    select
        count(t1_0.id) 
    from
        Tweet t1_0
Hibernate: 
    select
        count(rt1_0.id) 
    from
        RETWEET rt1_0
Hibernate: 
    drop table if exists RETWEET cascade 
2025-11-30T07:53:00.626-03:00  INFO 211377 --- [           main] org.hibernate.orm.connections.access     : HHH10001501: Connection obtained from JdbcConnectionAccess [org.hibernate.engine.jdbc.env.internal.JdbcEnvironmentInitiator$ConnectionProviderJdbcConnectionAccess@36f329e7] for (non-JTA) DDL execution was not in auto-commit mode; the Connection 'local transaction' will be committed and the Connection will be set into auto-commit mode.
Hibernate: 
    drop table if exists Tweet cascade 
Hibernate: 
    drop table if exists USERS cascade 
Hibernate: 
    drop sequence if exists RETWEET_SEQ
Hibernate: 
    drop sequence if exists Tweet_SEQ
]]></system-out>
  </testcase>
</testsuite>