<?xml version="1.0" encoding="UTF-8"?>
<testsuite xmlns:xsi="http://www.w3.org/2001/XMLSchema-instance" xsi:noNamespaceSchemaLocation="https://maven.apache.org/surefire/maven-surefire-plugin/xsd/surefire-test-report-3.0.xsd" version="3.0" name="unrn.model.UserTest" time="0.126" tests="24" errors="0" skipped="0" failures="0">
  <properties>
[...]
</properties>
  <testcase name="createTweet_lanzaExcepcionSiTweetDuplicado" classname="unrn.model.UserTest" time="0.006"/>
  <testcase name="crearUsuario_usernameNuloOVacio_lanzaExcepcion" classname="unrn.model.UserTest" time="0.005"/>
  <testcase name="crearUsuario_usernameMayorA25_lanzaExcepcion" classname="unrn.model.UserTest" time="0.004"/>
  <testcase name="eliminarUsuario_eliminaTweetsYRetweets" classname="unrn.model.UserTest" time="0.006"/>
  <testcase name="createTweet_agregaTweetCorrectamente" classname="unrn.model.UserTest" time="0.002"/>
  <testcase name="createRetweet_noAgregaMismoRetweetDuplicado" classname="unrn.model.UserTest" time="0.002"/>
  <testcase name="userNameLongitudInvalida_lanzaExcepcion" classname="unrn.model.UserTest" time="0.002"/>
  <testcase name="getUsername_retornaUsernameCorrectamente" classname="unrn.model.UserTest" time="0.001"/>
  <testcase name="createTweet_noAgregaMismoObjetoTweetDuplicado" classname="unrn.model.UserTest" time="0.002"/>
  <testcase name="getRetweets_retornaListaDeRetweets" classname="unrn.model.UserTest" time="0.002"/>
  <testcase name="usuariosDistintos_tienenHashCodesDiferentes" classname="unrn.model.UserTest" time="0.005"/>
  <testcase name="getRetweets_listaVaciaSiNoTieneRetweets" classname="unrn.model.UserTest" time="0.001"/>
  <testcase name="getTweets_listaVaciaSiNoTieneTweets" classname="unrn.model.UserTest" time="0.001"/>
  <testcase name="createTweet_noAgregaTweetConMismoIdDuplicado" classname="unrn.model.UserTest" time="0.006"/>
  <testcase name="getUserName_retornaNombreDeUsuario" classname="unrn.model.UserTest" time="0.004"/>
  <testcase name="createRetweet_agregaRetweetCorrectamente" classname="unrn.model.UserTest" time="0.001"/>
  <testcase name="createTweet_textoInvalido_lanzaExcepcion" classname="unrn.model.UserTest" time="0.004"/>
  <testcase name="crearUsuario_usernameMenorA5_lanzaExcepcion" classname="unrn.model.UserTest" time="0.003"/>
  <testcase name="createRetweet_lanzaExcepcionSiRetweetDuplicado" classname="unrn.model.UserTest" time="0.002"/>
  <testcase name="createRetweet_lanzaExcepcionSiRetuiteaPropioTweet" classname="unrn.model.UserTest" time="0.002"/>
  <testcase name="getTweets_retornaListaDeTweets" classname="unrn.model.UserTest" time="0.002"/>
  <testcase name="usuariosIguales_tienenMismoHashCode" classname="unrn.model.UserTest" time="0.002"/>
  <testcase name="createRetweet_lanzaExcepcionSiRetweetDuplicado_viaMethod" classname="unrn.model.UserTest" time="0.002"/>
  <testcase name="crearUsuario_emailNuloOVacio_lanzaExcepcion" classname="unrn.model.UserTest" time="0.002"/>
</testsuite>