<?xml version="1.0" encoding="UTF-8"?>
<testsuite xmlns:xsi="http://www.w3.org/2001/XMLSchema-instance" xsi:noNamespaceSchemaLocation="https://maven.apache.org/surefire/maven-surefire-plugin/xsd/surefire-test-report-3.0.xsd" version="3.0" name="unrn.model.controller.UserControllerIntegrationTest" time="6.497" tests="8" errors="0" skipped="0" failures="0">
  <properties>
[...]
</properties>
  <testcase name="deleteUser_cors_header_present" classname="unrn.model.controller.UserControllerIntegrationTest" time="0.356">
    <system-out><![CDATA[07:52:53.403 [main] INFO org.springframework.test.context.support.AnnotationConfigContextLoaderUtils -- Could not detect default configuration classes for test class [unrn.model.controller.UserControllerIntegrationTest]: UserControllerIntegrationTest does not declare any static, non-private, non-final, nested classes annotated with @Configuration.
07:52:53.619 [main] INFO org.springframework.boot.test.context.SpringBootTestContextBootstrapper -- Found @SpringBootConfiguration unrn.model.Application for test class unrn.model.controller.UserControllerIntegrationTest
2025-11-30T07:52:54.256-03:00  INFO 211377 --- [           main] u.m.c.UserControllerIntegrationTest      : Starting UserControllerIntegrationTest using Java 21.0.9 with PID 211377 (started by agustin in /home/agustin/workspace/BD2-2025)
2025-11-30T07:52:54.262-03:00  INFO 211377 --- [           main] u.m.c.UserControllerIntegrationTest      : No active profile set, falling back to 1 default profile: "default"
2025-11-30T07:52:55.291-03:00  INFO 211377 --- [           main] .s.d.r.c.RepositoryConfigurationDelegate : Bootstrapping Spring Data JPA repositories in DEFAULT mode.
2025-11-30T07:52:55.377-03:00  INFO 211377 --- [           main] .s.d.r.c.RepositoryConfigurationDelegate : Finished Spring Data repository scanning in 75 ms. Found 3 JPA repository interfaces.
2025-11-30T07:52:56.013-03:00  INFO 211377 --- [           main] o.hibernate.jpa.internal.util.LogHelper  : HHH000204: Processing PersistenceUnitInfo [name: default]
2025-11-30T07:52:56.086-03:00  INFO 211377 --- [           main] org.hibernate.Version                    : HHH000412: Hibernate ORM core version 7.0.7.Final
2025-11-30T07:52:56.524-03:00  INFO 211377 --- [           main] o.s.o.j.p.SpringPersistenceUnitInfo      : No LoadTimeWeaver setup: ignoring JPA class transformer
2025-11-30T07:52:56.586-03:00  INFO 211377 --- [           main] com.zaxxer.hikari.HikariDataSource       : HikariPool-1 - Starting...
2025-11-30T07:52:56.695-03:00  INFO 211377 --- [           main] com.zaxxer.hikari.pool.PoolBase          : HikariPool-1 - Driver does not support get/set network timeout for connections. (Función no implantada: getNetworkTimeout.)
2025-11-30T07:52:56.711-03:00  INFO 211377 --- [           main] com.zaxxer.hikari.pool.HikariPool        : HikariPool-1 - Added connection org.apache.derby.client.net.NetConnection@40fee459
2025-11-30T07:52:56.712-03:00  INFO 211377 --- [           main] com.zaxxer.hikari.HikariDataSource       : HikariPool-1 - Start completed.
2025-11-30T07:52:56.781-03:00  INFO 211377 --- [           main] org.hibernate.orm.connections.pooling    : HHH10001005: Database info:
	Database JDBC URL [jdbc:derby://localhost:1527/ejemplo;create=true]
	Database driver: Apache Derby Network Client JDBC Driver
	Database version: 10.17.1
	Autocommit mode: undefined/unknown
	Isolation level: READ_COMMITTED [default READ_COMMITTED]
	Pool: DatasourceConnectionProviderImpl
	Minimum pool size: undefined/unknown
	Maximum pool size: undefined/unknown
2025-11-30T07:52:57.717-03:00  INFO 211377 --- [           main] o.h.e.t.j.p.i.JtaPlatformInitiator       : HHH000489: No JTA platform available (set 'hibernate.transaction.jta.platform' to enable JTA platform integration)
2025-11-30T07:52:57.782-03:00  INFO 211377 --- [           main] j.LocalContainerEntityManagerFactoryBean : Initialized JPA EntityManagerFactory for persistence unit 'default'
2025-11-30T07:52:58.482-03:00  WARN 211377 --- [           main] JpaBaseConfiguration$JpaWebConfiguration : spring.jpa.open-in-view is enabled by default. Therefore, database queries may be performed during view rendering. Explicitly configure spring.jpa.open-in-view to disable this warning
2025-11-30T07:52:58.931-03:00  INFO 211377 --- [           main] o.s.b.t.m.w.SpringBootMockServletContext : Initializing Spring TestDispatcherServlet ''
2025-11-30T07:52:58.932-03:00  INFO 211377 --- [           main] o.s.t.web.servlet.TestDispatcherServlet  : Initializing Servlet ''
2025-11-30T07:52:58.934-03:00  INFO 211377 --- [           main] o.s.t.web.servlet.TestDispatcherServlet  : Completed initialization in 1 ms
2025-11-30T07:52:58.960-03:00  INFO 211377 --- [           main] u.m.c.UserControllerIntegrationTest      : Started UserControllerIntegrationTest in 5.103 seconds (process running for 8.832)
Hibernate: 
    select
        u1_0.username,
        u1_0.email,
        r1_0.user_retweeted_username,
        r1_0.id,
        r1_0.date_retweeted,
        r1_0.original_tweet_id,
        ot1_0.id,
        ot1_0.datecreated,
        ot1_0.text,
        uc1_0.username,
        uc1_0.email 
    from
        users u1_0 
    left join
        retweet r1_0 
            on u1_0.username=r1_0.user_retweeted_username 
    left join
        tweet ot1_0 
            on ot1_0.id=r1_0.original_tweet_id 
    left join
        users uc1_0 
            on uc1_0.username=ot1_0.user_creator_username 
    where
        u1_0.username=?
Hibernate: 
    insert 
    into
        users
        (email, username) 
    values
        (?, ?)
Hibernate: 
    select
        u1_0.username,
        u1_0.email 
    from
        users u1_0 
    where
        u1_0.username=?
Hibernate: 
    select
        rt1_0.id,
        rt1_0.date_retweeted,
        rt1_0.original_tweet_id,
        rt1_0.user_retweeted_username 
    from
        retweet rt1_0 
    join
        users ur1_0 
            on ur1_0.username=rt1_0.user_retweeted_username 
    where
        ur1_0.username=?
Hibernate: 
    select
        t1_0.id,
        t1_0.datecreated,
        t1_0.text,
        t1_0.user_creator_username 
    from
        tweet t1_0 
    left join
        users uc1_0 
            on uc1_0.username=t1_0.user_creator_username 
    where
        uc1_0.username=?
Hibernate: 
    select
        u1_0.username,
        u1_0.email 
    from
        users u1_0 
    where
        u1_0.username=?
]]></system-out>
  </testcase>
  <testcase name="listUsers_returnsList" classname="unrn.model.controller.UserControllerIntegrationTest" time="0.079">
    <system-out><![CDATA[Hibernate: 
    select
        u1_0.username,
        u1_0.email,
        r1_0.user_retweeted_username,
        r1_0.id,
        r1_0.date_retweeted,
        r1_0.original_tweet_id,
        ot1_0.id,
        ot1_0.datecreated,
        ot1_0.text,
        uc1_0.username,
        uc1_0.email 
    from
        users u1_0 
    left join
        retweet r1_0 
            on u1_0.username=r1_0.user_retweeted_username 
    left join
        tweet ot1_0 
            on ot1_0.id=r1_0.original_tweet_id 
    left join
        users uc1_0 
            on uc1_0.username=ot1_0.user_creator_username 
    where
        u1_0.username=?
Hibernate: 
    insert 
    into
        users
        (email, username) 
    values
        (?, ?)
Hibernate: 
    select
        u1_0.username,
        u1_0.email 
    from
        users u1_0
]]></system-out>
  </testcase>
  <testcase name="deleteUser_success" classname="unrn.model.controller.UserControllerIntegrationTest" time="0.093">
    <system-out><![CDATA[Hibernate: 
    select
        u1_0.username,
        u1_0.email,
        r1_0.user_retweeted_username,
        r1_0.id,
        r1_0.date_retweeted,
        r1_0.original_tweet_id,
        ot1_0.id,
        ot1_0.datecreated,
        ot1_0.text,
        uc1_0.username,
        uc1_0.email 
    from
        users u1_0 
    left join
        retweet r1_0 
            on u1_0.username=r1_0.user_retweeted_username 
    left join
        tweet ot1_0 
            on ot1_0.id=r1_0.original_tweet_id 
    left join
        users uc1_0 
            on uc1_0.username=ot1_0.user_creator_username 
    where
        u1_0.username=?
Hibernate: 
    insert 
    into
        users
        (email, username) 
    values
        (?, ?)
Hibernate: 
    select
        u1_0.username,
        u1_0.email 
    from
        users u1_0 
    where
        u1_0.username=?
Hibernate: 
    select
        rt1_0.id,
        rt1_0.date_retweeted,
        rt1_0.original_tweet_id,
        rt1_0.user_retweeted_username 
    from
        retweet rt1_0 
    join
        users ur1_0 
            on ur1_0.username=rt1_0.user_retweeted_username 
    where
        ur1_0.username=?
Hibernate: 
    select
        t1_0.id,
        t1_0.datecreated,
        t1_0.text,
        t1_0.user_creator_username 
    from
        tweet t1_0 
    left join
        users uc1_0 
            on uc1_0.username=t1_0.user_creator_username 
    where
        uc1_0.username=?
Hibernate: 
    select
        u1_0.username,
        u1_0.email 
    from
        users u1_0 
    where
        u1_0.username=?
Hibernate: 
    delete 
    from
        users 
    where
        username=?
Hibernate: 
    select
        u1_0.username,
        u1_0.email 
    from
        users u1_0 
    where
        u1_0.username=?
]]></system-out>
  </testcase>
  <testcase name="getUser_notFound" classname="unrn.model.controller.UserControllerIntegrationTest" time="0.014">
    <system-out><![CDATA[Hibernate: 
    select
        u1_0.username,
        u1_0.email 
    from
        users u1_0 
    where
        u1_0.username=?
]]></system-out>
  </testcase>
  <testcase name="createUser_conflict" classname="unrn.model.controller.UserControllerIntegrationTest" time="0.064">
    <system-out><![CDATA[Hibernate: 
    select
        u1_0.username,
        u1_0.email,
        r1_0.user_retweeted_username,
        r1_0.id,
        r1_0.date_retweeted,
        r1_0.original_tweet_id,
        ot1_0.id,
        ot1_0.datecreated,
        ot1_0.text,
        uc1_0.username,
        uc1_0.email 
    from
        users u1_0 
    left join
        retweet r1_0 
            on u1_0.username=r1_0.user_retweeted_username 
    left join
        tweet ot1_0 
            on ot1_0.id=r1_0.original_tweet_id 
    left join
        users uc1_0 
            on uc1_0.username=ot1_0.user_creator_username 
    where
        u1_0.username=?
Hibernate: 
    insert 
    into
        users
        (email, username) 
    values
        (?, ?)
Hibernate: 
    select
        u1_0.username,
        u1_0.email 
    from
        users u1_0 
    where
        u1_0.username=?
]]></system-out>
  </testcase>
  <testcase name="deleteUser_notFound" classname="unrn.model.controller.UserControllerIntegrationTest" time="0.011">
    <system-out><![CDATA[Hibernate: 
    select
        u1_0.username,
        u1_0.email 
    from
        users u1_0 
    where
        u1_0.username=?
]]></system-out>
  </testcase>
  <testcase name="getUser_found" classname="unrn.model.controller.UserControllerIntegrationTest" time="0.019">
    <system-out><![CDATA[Hibernate: 
    select
        u1_0.username,
        u1_0.email,
        r1_0.user_retweeted_username,
        r1_0.id,
        r1_0.date_retweeted,
        r1_0.original_tweet_id,
        ot1_0.id,
        ot1_0.datecreated,
        ot1_0.text,
        uc1_0.username,
        uc1_0.email 
    from
        users u1_0 
    left join
        retweet r1_0 
            on u1_0.username=r1_0.user_retweeted_username 
    left join
        tweet ot1_0 
            on ot1_0.id=r1_0.original_tweet_id 
    left join
        users uc1_0 
            on uc1_0.username=ot1_0.user_creator_username 
    where
        u1_0.username=?
Hibernate: 
    insert 
    into
        users
        (email, username) 
    values
        (?, ?)
Hibernate: 
    select
        u1_0.username,
        u1_0.email 
    from
        users u1_0 
    where
        u1_0.username=?
]]></system-out>
  </testcase>
  <testcase name="createUser_success" classname="unrn.model.controller.UserControllerIntegrationTest" time="0.023">
    <system-out><![CDATA[Hibernate: 
    select
        u1_0.username,
        u1_0.email 
    from
        users u1_0 
    where
        u1_0.username=?
Hibernate: 
    select
        u1_0.username,
        u1_0.email,
        r1_0.user_retweeted_username,
        r1_0.id,
        r1_0.date_retweeted,
        r1_0.original_tweet_id,
        ot1_0.id,
        ot1_0.datecreated,
        ot1_0.text,
        uc1_0.username,
        uc1_0.email 
    from
        users u1_0 
    left join
        retweet r1_0 
            on u1_0.username=r1_0.user_retweeted_username 
    left join
        tweet ot1_0 
            on ot1_0.id=r1_0.original_tweet_id 
    left join
        users uc1_0 
            on uc1_0.username=ot1_0.user_creator_username 
    where
        u1_0.username=?
Hibernate: 
    insert 
    into
        users
        (email, username) 
    values
        (?, ?)
Hibernate: 
    select
        u1_0.username,
        u1_0.email 
    from
        users u1_0 
    where
        u1_0.username=?
]]></system-out>
  </testcase>
</testsuite>